[2020-01-08 17:01:29.519] [exthost] [info] extension host started
[2020-01-08 17:01:29.570] [exthost] [info] ExtensionService#_doActivateExtension vscode.debug-auto-launch {"startup":true,"extensionId":{"value":"vscode.debug-auto-launch","_lower":"vscode.debug-auto-launch"},"activationEvent":"*"}
[2020-01-08 17:01:29.570] [exthost] [info] ExtensionService#loadCommonJSModule file:///Applications/Visual Studio Code.app/Contents/Resources/app/extensions/debug-auto-launch/dist/extension
[2020-01-08 17:01:29.581] [exthost] [info] ExtensionService#_doActivateExtension vscode.emmet {"startup":true,"extensionId":{"value":"vscode.emmet","_lower":"vscode.emmet"},"activationEvent":"*"}
[2020-01-08 17:01:29.581] [exthost] [info] ExtensionService#loadCommonJSModule file:///Applications/Visual Studio Code.app/Contents/Resources/app/extensions/emmet/dist/extension
[2020-01-08 17:01:29.689] [exthost] [info] ExtensionService#_doActivateExtension vscode.git {"startup":true,"extensionId":{"value":"vscode.git","_lower":"vscode.git"},"activationEvent":"*"}
[2020-01-08 17:01:29.689] [exthost] [info] ExtensionService#loadCommonJSModule file:///Applications/Visual Studio Code.app/Contents/Resources/app/extensions/git/dist/main
[2020-01-08 17:01:29.919] [exthost] [info] ExtensionService#_doActivateExtension vscode.merge-conflict {"startup":true,"extensionId":{"value":"vscode.merge-conflict","_lower":"vscode.merge-conflict"},"activationEvent":"*"}
[2020-01-08 17:01:29.919] [exthost] [info] ExtensionService#loadCommonJSModule file:///Applications/Visual Studio Code.app/Contents/Resources/app/extensions/merge-conflict/dist/extension
[2020-01-08 17:01:29.948] [exthost] [info] ExtensionService#_doActivateExtension vscode.search-result {"startup":true,"extensionId":{"value":"vscode.search-result","_lower":"vscode.search-result"},"activationEvent":"*"}
[2020-01-08 17:01:29.948] [exthost] [info] ExtensionService#loadCommonJSModule file:///Applications/Visual Studio Code.app/Contents/Resources/app/extensions/search-result/dist/extension.js
[2020-01-08 17:01:29.965] [exthost] [info] ExtensionService#_doActivateExtension CoenraadS.bracket-pair-colorizer-2 {"startup":true,"extensionId":{"value":"CoenraadS.bracket-pair-colorizer-2","_lower":"coenraads.bracket-pair-colorizer-2"},"activationEvent":"*"}
[2020-01-08 17:01:29.965] [exthost] [info] ExtensionService#loadCommonJSModule file:///Users/david/.vscode/extensions/coenraads.bracket-pair-colorizer-2-0.0.29/out/src/extension
[2020-01-08 17:01:30.022] [exthost] [info] ExtensionService#_doActivateExtension dbaeumer.vscode-eslint {"startup":true,"extensionId":{"value":"dbaeumer.vscode-eslint","_lower":"dbaeumer.vscode-eslint"},"activationEvent":"*"}
[2020-01-08 17:01:30.022] [exthost] [info] ExtensionService#loadCommonJSModule file:///Users/david/.vscode/extensions/dbaeumer.vscode-eslint-2.0.13/client/out/extension
[2020-01-08 17:01:30.103] [exthost] [info] ExtensionService#_doActivateExtension HookyQR.beautify {"startup":true,"extensionId":{"value":"HookyQR.beautify","_lower":"hookyqr.beautify"},"activationEvent":"*"}
[2020-01-08 17:01:30.103] [exthost] [info] ExtensionService#loadCommonJSModule file:///Users/david/.vscode/extensions/hookyqr.beautify-1.5.0/extension
[2020-01-08 17:01:30.318] [exthost] [info] ExtensionService#_doActivateExtension ms-vsliveshare.vsliveshare {"startup":true,"extensionId":{"value":"ms-vsliveshare.vsliveshare","_lower":"ms-vsliveshare.vsliveshare"},"activationEvent":"*"}
[2020-01-08 17:01:30.318] [exthost] [info] ExtensionService#loadCommonJSModule file:///Users/david/.vscode/extensions/ms-vsliveshare.vsliveshare-1.0.1456/out/prod/extension-prod
[2020-01-08 17:01:31.360] [exthost] [info] ExtensionService#_doActivateExtension ritwickdey.LiveServer {"startup":true,"extensionId":{"value":"ritwickdey.LiveServer","_lower":"ritwickdey.liveserver"},"activationEvent":"*"}
[2020-01-08 17:01:31.361] [exthost] [info] ExtensionService#loadCommonJSModule file:///Users/david/.vscode/extensions/ritwickdey.liveserver-5.6.1/out/src/extension
[2020-01-08 17:01:32.295] [exthost] [info] ExtensionService#_doActivateExtension vscode-icons-team.vscode-icons {"startup":true,"extensionId":{"value":"vscode-icons-team.vscode-icons","_lower":"vscode-icons-team.vscode-icons"},"activationEvent":"*"}
[2020-01-08 17:01:32.295] [exthost] [info] ExtensionService#loadCommonJSModule file:///Users/david/.vscode/extensions/vscode-icons-team.vscode-icons-9.7.0/dist/src/vscode-icons.bundle.js
[2020-01-08 17:01:32.373] [exthost] [info] ExtensionService#_doActivateExtension WakaTime.vscode-wakatime {"startup":true,"extensionId":{"value":"WakaTime.vscode-wakatime","_lower":"wakatime.vscode-wakatime"},"activationEvent":"*"}
[2020-01-08 17:01:32.374] [exthost] [info] ExtensionService#loadCommonJSModule file:///Users/david/.vscode/extensions/wakatime.vscode-wakatime-2.2.1/dist/extension
[2020-01-08 17:01:32.442] [exthost] [info] eager extensions activated
